
=== Fri Jun 17 18:00:27 2022

Packages were changed.
Update Mode: updateDependencies

The following packages were added:
  com.unity.ide.visualstudio@2.0.8
The following packages were updated:
  com.unity.2d.spriteshape from version 3.0.14 to 3.0.15
  com.unity.ide.rider from version 1.1.4 to 1.2.1
  com.unity.test-framework from version 1.1.22 to 1.1.24
  com.unity.textmeshpro from version 2.1.1 to 2.1.4

=== Fri Jun 17 19:21:50 2022

Packages were changed.
Update Mode: updateDependencies

The following packages were updated:
  com.unity.2d.animation from version 3.2.6 to 5.2.0
  com.unity.2d.pixel-perfect from version 2.1.0 to 4.0.1
  com.unity.2d.psdimporter from version 2.1.6 to 4.3.0
  com.unity.2d.spriteshape from version 3.0.15 to 5.3.0
  com.unity.collab-proxy from version 1.2.16 to 1.15.18
  com.unity.ide.rider from version 1.2.1 to 2.0.7
  com.unity.ide.visualstudio from version 2.0.8 to 2.0.15
  com.unity.ide.vscode from version 1.2.3 to 1.2.5
  com.unity.test-framework from version 1.1.24 to 1.1.31
  com.unity.textmeshpro from version 2.1.4 to 3.0.6
  com.unity.timeline from version 1.2.18 to 1.4.8
